<?xml version="1.0" encoding="UTF-8"?>
<robot generator="Robot 7.0 (Python 3.11.2 on win32)" generated="2024-05-06T14:33:05.360085" rpa="false" schemaversion="5">
<suite id="s1" name="Test" source="C:\Users\vili_\Desktop\Unizen\UniZen\test\vilitest\test.robot">
<test id="s1-t1" name="Post Credentials to Kubios" line="8">
<kw name="Create Session" owner="RequestsLibrary">
<msg time="2024-05-06T14:33:06.210176" level="INFO">Creating Session using : alias=my_session, url=http://localhost:3000, headers={},                     cookies={}, auth=None, timeout=None, proxies=None, verify=False,                     debug=0 </msg>
<arg>my_session</arg>
<arg>${LOGIN_URL}</arg>
<doc>Create Session: create a HTTP session to a server</doc>
<status status="PASS" start="2024-05-06T14:33:06.210176" elapsed="0.000000"/>
</kw>
<kw name="Create Login Data">
<msg time="2024-05-06T14:33:06.210176" level="FAIL">No keyword with name 'Create Login Data' found.</msg>
<var>${data}</var>
<status status="FAIL" start="2024-05-06T14:33:06.210176" elapsed="0.000000">No keyword with name 'Create Login Data' found.</status>
</kw>
<kw name="Log" owner="BuiltIn">
<arg>${data}</arg>
<doc>Logs the given message with the given level.</doc>
<status status="NOT RUN" start="2024-05-06T14:33:06.210176" elapsed="0.000000"/>
</kw>
<kw name="Create Headers">
<var>${headers}</var>
<status status="NOT RUN" start="2024-05-06T14:33:06.216694" elapsed="0.000000"/>
</kw>
<kw name="Log" owner="BuiltIn">
<arg>${headers}</arg>
<doc>Logs the given message with the given level.</doc>
<status status="NOT RUN" start="2024-05-06T14:33:06.216694" elapsed="0.000000"/>
</kw>
<kw name="Run Keyword And Ignore Error" owner="BuiltIn">
<var>${status}</var>
<var>${response}</var>
<arg>POST On Session</arg>
<arg>my_session</arg>
<arg>/api/auth/login</arg>
<arg>json=${data}</arg>
<arg>headers=${headers}</arg>
<doc>Runs the given keyword with the given arguments and ignores possible error.</doc>
<status status="NOT RUN" start="2024-05-06T14:33:06.216694" elapsed="0.000000"/>
</kw>
<kw name="Run Keyword If" owner="BuiltIn">
<arg>'${status}' == 'FAIL'</arg>
<arg>Fail</arg>
<arg>${response}</arg>
<doc>Runs the given keyword with the given arguments, if ``condition`` is true.</doc>
<status status="NOT RUN" start="2024-05-06T14:33:06.216694" elapsed="0.000000"/>
</kw>
<kw name="Should Contain" owner="BuiltIn">
<arg>${response.json()["message"]}</arg>
<arg>Logged in successfully with Kubios</arg>
<doc>Fails if ``container`` does not contain ``item`` one or more times.</doc>
<status status="NOT RUN" start="2024-05-06T14:33:06.216694" elapsed="0.000000"/>
</kw>
<kw name="New Browser" owner="Browser">
<arg>chromium</arg>
<arg>headless=False</arg>
<tag>BrowserControl</tag>
<tag>Setter</tag>
<doc>Create a new playwright Browser with specified options.</doc>
<status status="NOT RUN" start="2024-05-06T14:33:06.216694" elapsed="0.000000"/>
</kw>
<kw name="New Context" owner="Browser">
<tag>BrowserControl</tag>
<tag>Setter</tag>
<doc>Create a new BrowserContext with specified options.</doc>
<status status="NOT RUN" start="2024-05-06T14:33:06.216694" elapsed="0.000000"/>
</kw>
<kw name="New Page" owner="Browser">
<arg>${LOGIN_URL}</arg>
<tag>BrowserControl</tag>
<tag>Setter</tag>
<doc>Open a new Page.</doc>
<status status="NOT RUN" start="2024-05-06T14:33:06.221955" elapsed="0.000000"/>
</kw>
<kw name="Type Text" owner="Browser">
<arg>id=username</arg>
<arg>${data["username"]}</arg>
<tag>PageContent</tag>
<tag>Setter</tag>
<doc>Types the given ``txt`` into the text field found by ``selector``.</doc>
<status status="NOT RUN" start="2024-05-06T14:33:06.221955" elapsed="0.000000"/>
</kw>
<kw name="Type Text" owner="Browser">
<arg>id=password</arg>
<arg>${data["password"]}</arg>
<tag>PageContent</tag>
<tag>Setter</tag>
<doc>Types the given ``txt`` into the text field found by ``selector``.</doc>
<status status="NOT RUN" start="2024-05-06T14:33:06.222482" elapsed="0.000000"/>
</kw>
<kw name="Click" owner="Browser">
<arg>text=Login</arg>
<tag>PageContent</tag>
<tag>Setter</tag>
<doc>Simulates mouse click on the element found by ``selector``.</doc>
<status status="NOT RUN" start="2024-05-06T14:33:06.222482" elapsed="0.000000"/>
</kw>
<status status="FAIL" start="2024-05-06T14:33:06.208383" elapsed="0.014099">No keyword with name 'Create Login Data' found.</status>
</test>
<status status="FAIL" start="2024-05-06T14:33:05.360085" elapsed="0.906342"/>
</suite>
<statistics>
<total>
<stat pass="0" fail="1" skip="0">All Tests</stat>
</total>
<tag>
</tag>
<suite>
<stat pass="0" fail="1" skip="0" id="s1" name="Test">Test</stat>
</suite>
</statistics>
<errors>
</errors>
</robot>
